[debug] [2022-08-16T11:06:26.110Z] ----------------------------------------------------------------------
[debug] [2022-08-16T11:06:26.112Z] Command:       C:\Program Files\nodejs\node.exe C:\Users\twitw\AppData\Roaming\npm\node_modules\firebase-tools\lib\bin\firebase.js init
[debug] [2022-08-16T11:06:26.112Z] CLI Version:   11.7.0
[debug] [2022-08-16T11:06:26.113Z] Platform:      win32
[debug] [2022-08-16T11:06:26.113Z] Node Version:  v16.16.0
[debug] [2022-08-16T11:06:26.114Z] Time:          Tue Aug 16 2022 11:06:26 GMT+0000 (Coordinated Universal Time)
[debug] [2022-08-16T11:06:26.114Z] ----------------------------------------------------------------------
[debug] 
[debug] [2022-08-16T11:06:26.122Z] > command requires scopes: ["email","openid","https://www.googleapis.com/auth/cloudplatformprojects.readonly","https://www.googleapis.com/auth/firebase","https://www.googleapis.com/auth/cloud-platform"]
[debug] [2022-08-16T11:06:26.122Z] > authorizing via signed-in user (aasamoah096@gmail.com)
[info] 
     ######## #### ########  ######## ########     ###     ######  ########
     ##        ##  ##     ## ##       ##     ##  ##   ##  ##       ##
     ######    ##  ########  ######   ########  #########  ######  ######
     ##        ##  ##    ##  ##       ##     ## ##     ##       ## ##
     ##       #### ##     ## ######## ########  ##     ##  ######  ########

You're about to initialize a Firebase project in this directory:

  C:\Users\twitw\restaurantapp

[info] 
=== Project Setup
[info] 
[info] First, let's associate this project directory with a Firebase project.
[info] You can create multiple project aliases by running firebase use --add, 
[info] but for now we'll just set up a default project.
[info] 
[debug] [2022-08-16T11:06:37.940Z] >>> [apiv2][query] GET https://firebase.googleapis.com/v1beta1/projects pageSize=100
[debug] [2022-08-16T11:06:38.823Z] <<< [apiv2][status] GET https://firebase.googleapis.com/v1beta1/projects 200
[debug] [2022-08-16T11:06:38.824Z] <<< [apiv2][body] GET https://firebase.googleapis.com/v1beta1/projects [omitted]
[info] i  Using project food-60b3b (food) 
[info] 
=== Hosting Setup
[info] 
[info] Your public directory is the folder (relative to your project directory) that
[info] will contain Hosting assets to be uploaded with firebase deploy. If you
[info] have a build process for your assets, use your build's output directory.
[info] 
